<?xml version="1.0" encoding="UTF-8"?>
<testng-results skipped="0" failed="0" total="2" passed="2">
  <reporter-output>
  </reporter-output>
  <suite name="Suite" duration-ms="31051" started-at="2021-02-19T06:38:33Z" finished-at="2021-02-19T06:39:04Z">
    <groups>
    </groups>
    <test name="Test" duration-ms="31051" started-at="2021-02-19T06:38:33Z" finished-at="2021-02-19T06:39:04Z">
      <class name="com.testclasses.HomePageTesting">
        <test-method status="PASS" signature="setReport()[pri:0, instance:com.testclasses.HomePageTesting@2ef5e5e3]" name="setReport" is-config="true" duration-ms="114" started-at="2021-02-19T12:08:33Z" finished-at="2021-02-19T12:08:33Z">
          <reporter-output>
          </reporter-output>
        </test-method> <!-- setReport -->
        <test-method status="PASS" signature="init()[pri:0, instance:com.testclasses.HomePageTesting@2ef5e5e3]" name="init" is-config="true" duration-ms="8331" started-at="2021-02-19T12:08:33Z" finished-at="2021-02-19T12:08:41Z">
          <reporter-output>
          </reporter-output>
        </test-method> <!-- init -->
        <test-method status="PASS" signature="HomePageLoadTest()[pri:1, instance:com.testclasses.HomePageTesting@2ef5e5e3]" name="HomePageLoadTest" duration-ms="7299" started-at="2021-02-19T12:08:41Z" finished-at="2021-02-19T12:08:49Z">
          <reporter-output>
          </reporter-output>
        </test-method> <!-- HomePageLoadTest -->
        <test-method status="PASS" signature="tearDown(org.testng.ITestResult)[pri:0, instance:com.testclasses.HomePageTesting@2ef5e5e3]" name="tearDown" is-config="true" duration-ms="3" started-at="2021-02-19T12:08:49Z" finished-at="2021-02-19T12:08:49Z">
          <params>
            <param index="0">
              <value>
                <![CDATA[[TestResult name=HomePageLoadTest status=SUCCESS method=HomePageTesting.HomePageLoadTest()[pri:1, instance:com.testclasses.HomePageTesting@2ef5e5e3] output={null}]]]>
              </value>
            </param>
          </params>
          <reporter-output>
          </reporter-output>
        </test-method> <!-- tearDown -->
        <test-method status="PASS" signature="generalVerificationHomePage()[pri:2, instance:com.testclasses.HomePageTesting@2ef5e5e3]" name="generalVerificationHomePage" duration-ms="13035" started-at="2021-02-19T12:08:49Z" finished-at="2021-02-19T12:09:02Z">
          <reporter-output>
          </reporter-output>
        </test-method> <!-- generalVerificationHomePage -->
        <test-method status="PASS" signature="tearDown(org.testng.ITestResult)[pri:0, instance:com.testclasses.HomePageTesting@2ef5e5e3]" name="tearDown" is-config="true" duration-ms="0" started-at="2021-02-19T12:09:02Z" finished-at="2021-02-19T12:09:02Z">
          <params>
            <param index="0">
              <value>
                <![CDATA[[TestResult name=generalVerificationHomePage status=SUCCESS method=HomePageTesting.generalVerificationHomePage()[pri:2, instance:com.testclasses.HomePageTesting@2ef5e5e3] output={null}]]]>
              </value>
            </param>
          </params>
          <reporter-output>
          </reporter-output>
        </test-method> <!-- tearDown -->
        <test-method status="PASS" signature="FinishTesting()[pri:0, instance:com.testclasses.HomePageTesting@2ef5e5e3]" name="FinishTesting" is-config="true" duration-ms="2207" started-at="2021-02-19T12:09:02Z" finished-at="2021-02-19T12:09:04Z">
          <reporter-output>
          </reporter-output>
        </test-method> <!-- FinishTesting -->
        <test-method status="PASS" signature="endReport()[pri:0, instance:com.testclasses.HomePageTesting@2ef5e5e3]" name="endReport" is-config="true" duration-ms="167" started-at="2021-02-19T12:09:04Z" finished-at="2021-02-19T12:09:04Z">
          <reporter-output>
          </reporter-output>
        </test-method> <!-- endReport -->
        <test-method status="PASS" signature="closeExtent()[pri:0, instance:com.testclasses.HomePageTesting@2ef5e5e3]" name="closeExtent" is-config="true" duration-ms="64" started-at="2021-02-19T12:09:04Z" finished-at="2021-02-19T12:09:04Z">
          <reporter-output>
          </reporter-output>
        </test-method> <!-- closeExtent -->
      </class> <!-- com.testclasses.HomePageTesting -->
    </test> <!-- Test -->
  </suite> <!-- Suite -->
</testng-results>
